<?xml version="1.0" encoding="UTF-8"?>
<!-- Generated by org.testng.reporters.JUnitReportReporter -->
<testsuite hostname="LAPTOP-2VINANR3" failures="0" tests="1" name="SumValidation" time="1.396" errors="0" timestamp="2023-11-04T11:42:36 IST" skipped="0">
  <testcase classname="SumValidation" name="sumOfCourses" time="1.396"/>
</testsuite> <!-- SumValidation -->
